Sun Feb 18 18:13:32 EST 2018 : Apache Derby Network Server - 10.11.1.2 - (1629631) started and ready to accept connections on port 1527
----------------------------------------------------------------
Sun Feb 18 18:13:34 EST 2018:
Booting Derby version The Apache Software Foundation - Apache Derby - 10.11.1.2 - (1629631): instance a816c00e-0161-ab31-9b5d-ffff9b8a3d46 
on database directory C:\Users\Jesus\Desktop\CTI289\Group_3\database\Concert with class loader sun.misc.Launcher$AppClassLoader@266474c2 
Loaded from file:/C:/Program%20Files/Java/jdk1.8.0_161/db/lib/derby.jar
java.vendor=Oracle Corporation
java.runtime.version=1.8.0_161-b12
user.dir=C:\Program Files\Java\jdk1.8.0_161\db
os.name=Windows 10
os.arch=amd64
os.version=10.0
derby.system.home=C:\Users\Jesus\Desktop\CTI289\Group_3\database
Database Class Loader started - derby.database.classpath=''
----------------------------------------------------------------
Sun Feb 18 18:13:48 EST 2018:
Shutting down instance a816c00e-0161-ab31-9b5d-ffff9b8a3d46 on database directory C:\Users\Jesus\Desktop\CTI289\Group_3\database\Concert with class loader sun.misc.Launcher$AppClassLoader@266474c2 
Sun Feb 18 18:13:49 EST 2018 Thread[DRDAConnThread_2,5,main] (DATABASE = Concert), (DRDAID = {2}), Database 'Concert' shutdown.
----------------------------------------------------------------
Sun Feb 18 18:14:05 EST 2018:
Booting Derby version The Apache Software Foundation - Apache Derby - 10.11.1.2 - (1629631): instance 0ddd00a9-0161-ab31-9b5d-ffff9b8a3d46 
on database directory C:\Users\Jesus\Desktop\CTI289\Group_3\database\Concert with class loader sun.misc.Launcher$AppClassLoader@266474c2 
Loaded from file:/C:/Program%20Files/Java/jdk1.8.0_161/db/lib/derby.jar
java.vendor=Oracle Corporation
java.runtime.version=1.8.0_161-b12
user.dir=C:\Program Files\Java\jdk1.8.0_161\db
os.name=Windows 10
os.arch=amd64
os.version=10.0
derby.system.home=C:\Users\Jesus\Desktop\CTI289\Group_3\database
Database Class Loader started - derby.database.classpath=''
